{"/Users/a6001340/Documents/git/bby/bestbuy-sdk-js/spec/buyingoptions.spec.js":{"path":"/Users/a6001340/Documents/git/bby/bestbuy-sdk-js/spec/buyingoptions.spec.js","s":{},"b":{},"f":{},"fnMap":{},"statementMap":{},"branchMap":{}},"/Users/a6001340/Documents/git/bby/bestbuy-sdk-js/spec/categories.spec.js":{"path":"/Users/a6001340/Documents/git/bby/bestbuy-sdk-js/spec/categories.spec.js","s":{"1":1,"2":1,"3":1,"4":1,"5":1,"6":1,"7":1,"8":1,"9":1,"10":1,"11":1},"b":{},"f":{"1":1,"2":1,"3":1,"4":1},"fnMap":{"1":{"name":"(anonymous_1)","line":4,"loc":{"start":{"line":4,"column":50},"end":{"line":4,"column":60}}},"2":{"name":"(anonymous_2)","line":5,"loc":{"start":{"line":5,"column":30},"end":{"line":5,"column":40}}},"3":{"name":"(anonymous_3)","line":6,"loc":{"start":{"line":6,"column":36},"end":{"line":6,"column":50}}},"4":{"name":"(anonymous_4)","line":11,"loc":{"start":{"line":11,"column":6},"end":{"line":11,"column":26}}}},"statementMap":{"1":{"start":{"line":1,"column":0},"end":{"line":1,"column":32}},"2":{"start":{"line":4,"column":0},"end":{"line":21,"column":3}},"3":{"start":{"line":5,"column":1},"end":{"line":20,"column":4}},"4":{"start":{"line":6,"column":2},"end":{"line":19,"column":5}},"5":{"start":{"line":9,"column":3},"end":{"line":18,"column":6}},"6":{"start":{"line":12,"column":6},"end":{"line":12,"column":50}},"7":{"start":{"line":13,"column":6},"end":{"line":13,"column":69}},"8":{"start":{"line":14,"column":6},"end":{"line":14,"column":71}},"9":{"start":{"line":15,"column":6},"end":{"line":15,"column":58}},"10":{"start":{"line":16,"column":6},"end":{"line":16,"column":56}},"11":{"start":{"line":17,"column":6},"end":{"line":17,"column":13}}},"branchMap":{}},"/Users/a6001340/Documents/git/bby/bestbuy-sdk-js/bestbuy.js":{"path":"/Users/a6001340/Documents/git/bby/bestbuy-sdk-js/bestbuy.js","s":{"1":1},"b":{},"f":{},"fnMap":{},"statementMap":{"1":{"start":{"line":1,"column":0},"end":{"line":1,"column":34}}},"branchMap":{}},"/Users/a6001340/Documents/git/bby/bestbuy-sdk-js/lib/index.js":{"path":"/Users/a6001340/Documents/git/bby/bestbuy-sdk-js/lib/index.js","s":{"1":1,"2":1,"3":1,"4":0,"5":0,"6":0,"7":0,"8":1,"9":1,"10":1,"11":1,"12":1,"13":1,"14":1,"15":1},"b":{"1":[0,0]},"f":{"1":0},"fnMap":{"1":{"name":"(anonymous_1)","line":10,"loc":{"start":{"line":10,"column":11},"end":{"line":10,"column":30}}}},"statementMap":{"1":{"start":{"line":1,"column":0},"end":{"line":1,"column":37}},"2":{"start":{"line":4,"column":0},"end":{"line":7,"column":2}},"3":{"start":{"line":10,"column":0},"end":{"line":14,"column":2}},"4":{"start":{"line":11,"column":4},"end":{"line":11,"column":18}},"5":{"start":{"line":12,"column":4},"end":{"line":12,"column":27}},"6":{"start":{"line":12,"column":13},"end":{"line":12,"column":27}},"7":{"start":{"line":13,"column":4},"end":{"line":13,"column":15}},"8":{"start":{"line":17,"column":0},"end":{"line":17,"column":41}},"9":{"start":{"line":18,"column":0},"end":{"line":18,"column":37}},"10":{"start":{"line":19,"column":0},"end":{"line":19,"column":39}},"11":{"start":{"line":20,"column":0},"end":{"line":20,"column":45}},"12":{"start":{"line":21,"column":0},"end":{"line":21,"column":49}},"13":{"start":{"line":22,"column":0},"end":{"line":22,"column":55}},"14":{"start":{"line":25,"column":0},"end":{"line":28,"column":3}},"15":{"start":{"line":31,"column":0},"end":{"line":31,"column":21}}},"branchMap":{"1":{"line":12,"type":"if","locations":[{"start":{"line":12,"column":4},"end":{"line":12,"column":4}},{"start":{"line":12,"column":4},"end":{"line":12,"column":4}}]}}},"/Users/a6001340/Documents/git/bby/bestbuy-sdk-js/lib/resource.js":{"path":"/Users/a6001340/Documents/git/bby/bestbuy-sdk-js/lib/resource.js","s":{"1":1,"2":1,"3":1,"4":8,"5":0,"6":8,"7":8,"8":8,"9":6,"10":8,"11":1,"12":1,"13":8,"14":8,"15":8,"16":8,"17":0,"18":8,"19":8,"20":0,"21":8,"22":2,"23":2,"24":2,"25":2,"26":6,"27":6,"28":6,"29":6,"30":6,"31":0,"32":1,"33":1,"34":1,"35":1,"36":0,"37":0,"38":0,"39":0,"40":0,"41":0,"42":0,"43":0,"44":0,"45":0,"46":0,"47":0,"48":0,"49":0,"50":0,"51":0,"52":0,"53":0,"54":1,"55":1,"56":1,"57":0,"58":0,"59":0,"60":0,"61":0,"62":0,"63":0,"64":0,"65":0,"66":0,"67":0,"68":0,"69":0,"70":0,"71":0,"72":0,"73":0,"74":1,"75":1,"76":7,"77":1,"78":6,"79":1,"80":5,"81":8,"82":8,"83":21,"84":21,"85":7,"86":14,"87":1,"88":13,"89":8,"90":5,"91":8,"92":5},"b":{"1":[0,8],"2":[6,2],"3":[1,7],"4":[0,8],"5":[0,8],"6":[0,0],"7":[2,6],"8":[8,8],"9":[6,0],"10":[6,0],"11":[0,0],"12":[0,0],"13":[0,0],"14":[0,0],"15":[0,0],"16":[0,0],"17":[0,0],"18":[0,0],"19":[0,0],"20":[0,0],"21":[0,0],"22":[0,0],"23":[1,6],"24":[1,5],"25":[7,14],"26":[1,13],"27":[14,1],"28":[8,5]},"f":{"1":8,"2":8,"3":1,"4":0,"5":1,"6":0,"7":7,"8":8},"fnMap":{"1":{"name":"doRequest","line":5,"loc":{"start":{"line":5,"column":0},"end":{"line":5,"column":57}}},"2":{"name":"(anonymous_2)","line":43,"loc":{"start":{"line":43,"column":7},"end":{"line":43,"column":37}}},"3":{"name":"buildRecommendations","line":83,"loc":{"start":{"line":83,"column":0},"end":{"line":83,"column":52}}},"4":{"name":"(anonymous_4)","line":86,"loc":{"start":{"line":86,"column":19},"end":{"line":86,"column":30}}},"5":{"name":"buildAvailability","line":125,"loc":{"start":{"line":125,"column":0},"end":{"line":125,"column":49}}},"6":{"name":"(anonymous_6)","line":126,"loc":{"start":{"line":126,"column":19},"end":{"line":126,"column":30}}},"7":{"name":"(anonymous_7)","line":167,"loc":{"start":{"line":167,"column":17},"end":{"line":167,"column":48}}},"8":{"name":"(anonymous_8)","line":176,"loc":{"start":{"line":176,"column":19},"end":{"line":176,"column":30}}}},"statementMap":{"1":{"start":{"line":1,"column":0},"end":{"line":1,"column":33}},"2":{"start":{"line":2,"column":0},"end":{"line":2,"column":26}},"3":{"start":{"line":5,"column":0},"end":{"line":79,"column":1}},"4":{"start":{"line":7,"column":4},"end":{"line":11,"column":5}},"5":{"start":{"line":8,"column":8},"end":{"line":10,"column":65}},"6":{"start":{"line":14,"column":4},"end":{"line":17,"column":26}},"7":{"start":{"line":20,"column":4},"end":{"line":20,"column":45}},"8":{"start":{"line":21,"column":4},"end":{"line":23,"column":5}},"9":{"start":{"line":22,"column":8},"end":{"line":22,"column":51}},"10":{"start":{"line":24,"column":4},"end":{"line":28,"column":5}},"11":{"start":{"line":25,"column":8},"end":{"line":25,"column":54}},"12":{"start":{"line":27,"column":8},"end":{"line":27,"column":25}},"13":{"start":{"line":32,"column":4},"end":{"line":32,"column":13}},"14":{"start":{"line":34,"column":4},"end":{"line":37,"column":5}},"15":{"start":{"line":39,"column":4},"end":{"line":78,"column":7}},"16":{"start":{"line":45,"column":8},"end":{"line":45,"column":45}},"17":{"start":{"line":45,"column":38},"end":{"line":45,"column":45}},"18":{"start":{"line":47,"column":8},"end":{"line":77,"column":9}},"19":{"start":{"line":49,"column":12},"end":{"line":51,"column":13}},"20":{"start":{"line":50,"column":16},"end":{"line":50,"column":98}},"21":{"start":{"line":53,"column":12},"end":{"line":74,"column":13}},"22":{"start":{"line":54,"column":16},"end":{"line":54,"column":35}},"23":{"start":{"line":55,"column":16},"end":{"line":59,"column":17}},"24":{"start":{"line":56,"column":20},"end":{"line":56,"column":49}},"25":{"start":{"line":61,"column":16},"end":{"line":64,"column":37}},"26":{"start":{"line":66,"column":16},"end":{"line":66,"column":25}},"27":{"start":{"line":67,"column":16},"end":{"line":69,"column":17}},"28":{"start":{"line":68,"column":20},"end":{"line":68,"column":44}},"29":{"start":{"line":71,"column":16},"end":{"line":73,"column":17}},"30":{"start":{"line":72,"column":20},"end":{"line":72,"column":70}},"31":{"start":{"line":76,"column":12},"end":{"line":76,"column":50}},"32":{"start":{"line":83,"column":0},"end":{"line":121,"column":1}},"33":{"start":{"line":84,"column":4},"end":{"line":84,"column":58}},"34":{"start":{"line":85,"column":4},"end":{"line":85,"column":47}},"35":{"start":{"line":86,"column":4},"end":{"line":118,"column":6}},"36":{"start":{"line":87,"column":8},"end":{"line":89,"column":10}},"37":{"start":{"line":91,"column":8},"end":{"line":91,"column":19}},"38":{"start":{"line":93,"column":8},"end":{"line":115,"column":9}},"39":{"start":{"line":94,"column":12},"end":{"line":94,"column":35}},"40":{"start":{"line":95,"column":12},"end":{"line":114,"column":13}},"41":{"start":{"line":96,"column":16},"end":{"line":96,"column":33}},"42":{"start":{"line":97,"column":19},"end":{"line":114,"column":13}},"43":{"start":{"line":98,"column":16},"end":{"line":98,"column":29}},"44":{"start":{"line":99,"column":16},"end":{"line":101,"column":17}},"45":{"start":{"line":100,"column":20},"end":{"line":100,"column":56}},"46":{"start":{"line":102,"column":19},"end":{"line":114,"column":13}},"47":{"start":{"line":104,"column":16},"end":{"line":104,"column":33}},"48":{"start":{"line":105,"column":16},"end":{"line":107,"column":17}},"49":{"start":{"line":106,"column":20},"end":{"line":106,"column":52}},"50":{"start":{"line":108,"column":19},"end":{"line":114,"column":13}},"51":{"start":{"line":110,"column":16},"end":{"line":110,"column":39}},"52":{"start":{"line":113,"column":16},"end":{"line":113,"column":33}},"53":{"start":{"line":117,"column":8},"end":{"line":117,"column":49}},"54":{"start":{"line":120,"column":4},"end":{"line":120,"column":20}},"55":{"start":{"line":125,"column":0},"end":{"line":163,"column":1}},"56":{"start":{"line":126,"column":4},"end":{"line":160,"column":6}},"57":{"start":{"line":127,"column":8},"end":{"line":127,"column":16}},"58":{"start":{"line":128,"column":8},"end":{"line":128,"column":21}},"59":{"start":{"line":129,"column":8},"end":{"line":132,"column":10}},"60":{"start":{"line":134,"column":8},"end":{"line":134,"column":19}},"61":{"start":{"line":136,"column":8},"end":{"line":151,"column":9}},"62":{"start":{"line":137,"column":12},"end":{"line":137,"column":35}},"63":{"start":{"line":138,"column":12},"end":{"line":150,"column":13}},"64":{"start":{"line":140,"column":16},"end":{"line":140,"column":26}},"65":{"start":{"line":141,"column":19},"end":{"line":150,"column":13}},"66":{"start":{"line":143,"column":16},"end":{"line":143,"column":41}},"67":{"start":{"line":144,"column":19},"end":{"line":150,"column":13}},"68":{"start":{"line":146,"column":16},"end":{"line":146,"column":39}},"69":{"start":{"line":149,"column":16},"end":{"line":149,"column":33}},"70":{"start":{"line":153,"column":8},"end":{"line":155,"column":9}},"71":{"start":{"line":154,"column":12},"end":{"line":154,"column":48}},"72":{"start":{"line":157,"column":8},"end":{"line":157,"column":81}},"73":{"start":{"line":159,"column":8},"end":{"line":159,"column":49}},"74":{"start":{"line":162,"column":4},"end":{"line":162,"column":20}},"75":{"start":{"line":167,"column":0},"end":{"line":204,"column":2}},"76":{"start":{"line":170,"column":4},"end":{"line":174,"column":5}},"77":{"start":{"line":171,"column":8},"end":{"line":171,"column":58}},"78":{"start":{"line":172,"column":11},"end":{"line":174,"column":5}},"79":{"start":{"line":173,"column":8},"end":{"line":173,"column":55}},"80":{"start":{"line":176,"column":4},"end":{"line":201,"column":6}},"81":{"start":{"line":177,"column":8},"end":{"line":179,"column":10}},"82":{"start":{"line":182,"column":8},"end":{"line":197,"column":9}},"83":{"start":{"line":183,"column":12},"end":{"line":183,"column":35}},"84":{"start":{"line":184,"column":12},"end":{"line":196,"column":13}},"85":{"start":{"line":186,"column":16},"end":{"line":186,"column":36}},"86":{"start":{"line":187,"column":19},"end":{"line":196,"column":13}},"87":{"start":{"line":189,"column":16},"end":{"line":189,"column":33}},"88":{"start":{"line":190,"column":19},"end":{"line":196,"column":13}},"89":{"start":{"line":192,"column":16},"end":{"line":192,"column":39}},"90":{"start":{"line":195,"column":16},"end":{"line":195,"column":33}},"91":{"start":{"line":200,"column":8},"end":{"line":200,"column":49}},"92":{"start":{"line":203,"column":4},"end":{"line":203,"column":20}}},"branchMap":{"1":{"line":7,"type":"if","locations":[{"start":{"line":7,"column":4},"end":{"line":7,"column":4}},{"start":{"line":7,"column":4},"end":{"line":7,"column":4}}]},"2":{"line":21,"type":"if","locations":[{"start":{"line":21,"column":4},"end":{"line":21,"column":4}},{"start":{"line":21,"column":4},"end":{"line":21,"column":4}}]},"3":{"line":24,"type":"if","locations":[{"start":{"line":24,"column":4},"end":{"line":24,"column":4}},{"start":{"line":24,"column":4},"end":{"line":24,"column":4}}]},"4":{"line":45,"type":"if","locations":[{"start":{"line":45,"column":8},"end":{"line":45,"column":8}},{"start":{"line":45,"column":8},"end":{"line":45,"column":8}}]},"5":{"line":49,"type":"if","locations":[{"start":{"line":49,"column":12},"end":{"line":49,"column":12}},{"start":{"line":49,"column":12},"end":{"line":49,"column":12}}]},"6":{"line":50,"type":"binary-expr","locations":[{"start":{"line":50,"column":63},"end":{"line":50,"column":66}},{"start":{"line":50,"column":71},"end":{"line":50,"column":95}}]},"7":{"line":53,"type":"if","locations":[{"start":{"line":53,"column":12},"end":{"line":53,"column":12}},{"start":{"line":53,"column":12},"end":{"line":53,"column":12}}]},"8":{"line":53,"type":"binary-expr","locations":[{"start":{"line":53,"column":16},"end":{"line":53,"column":19}},{"start":{"line":53,"column":23},"end":{"line":53,"column":49}}]},"9":{"line":67,"type":"if","locations":[{"start":{"line":67,"column":16},"end":{"line":67,"column":16}},{"start":{"line":67,"column":16},"end":{"line":67,"column":16}}]},"10":{"line":71,"type":"if","locations":[{"start":{"line":71,"column":16},"end":{"line":71,"column":16}},{"start":{"line":71,"column":16},"end":{"line":71,"column":16}}]},"11":{"line":95,"type":"if","locations":[{"start":{"line":95,"column":12},"end":{"line":95,"column":12}},{"start":{"line":95,"column":12},"end":{"line":95,"column":12}}]},"12":{"line":97,"type":"if","locations":[{"start":{"line":97,"column":19},"end":{"line":97,"column":19}},{"start":{"line":97,"column":19},"end":{"line":97,"column":19}}]},"13":{"line":99,"type":"if","locations":[{"start":{"line":99,"column":16},"end":{"line":99,"column":16}},{"start":{"line":99,"column":16},"end":{"line":99,"column":16}}]},"14":{"line":102,"type":"if","locations":[{"start":{"line":102,"column":19},"end":{"line":102,"column":19}},{"start":{"line":102,"column":19},"end":{"line":102,"column":19}}]},"15":{"line":102,"type":"binary-expr","locations":[{"start":{"line":102,"column":23},"end":{"line":102,"column":34}},{"start":{"line":102,"column":38},"end":{"line":102,"column":61}}]},"16":{"line":105,"type":"if","locations":[{"start":{"line":105,"column":16},"end":{"line":105,"column":16}},{"start":{"line":105,"column":16},"end":{"line":105,"column":16}}]},"17":{"line":108,"type":"if","locations":[{"start":{"line":108,"column":19},"end":{"line":108,"column":19}},{"start":{"line":108,"column":19},"end":{"line":108,"column":19}}]},"18":{"line":138,"type":"if","locations":[{"start":{"line":138,"column":12},"end":{"line":138,"column":12}},{"start":{"line":138,"column":12},"end":{"line":138,"column":12}}]},"19":{"line":138,"type":"binary-expr","locations":[{"start":{"line":138,"column":16},"end":{"line":138,"column":27}},{"start":{"line":138,"column":31},"end":{"line":138,"column":54}}]},"20":{"line":141,"type":"if","locations":[{"start":{"line":141,"column":19},"end":{"line":141,"column":19}},{"start":{"line":141,"column":19},"end":{"line":141,"column":19}}]},"21":{"line":144,"type":"if","locations":[{"start":{"line":144,"column":19},"end":{"line":144,"column":19}},{"start":{"line":144,"column":19},"end":{"line":144,"column":19}}]},"22":{"line":153,"type":"if","locations":[{"start":{"line":153,"column":8},"end":{"line":153,"column":8}},{"start":{"line":153,"column":8},"end":{"line":153,"column":8}}]},"23":{"line":170,"type":"if","locations":[{"start":{"line":170,"column":4},"end":{"line":170,"column":4}},{"start":{"line":170,"column":4},"end":{"line":170,"column":4}}]},"24":{"line":172,"type":"if","locations":[{"start":{"line":172,"column":11},"end":{"line":172,"column":11}},{"start":{"line":172,"column":11},"end":{"line":172,"column":11}}]},"25":{"line":184,"type":"if","locations":[{"start":{"line":184,"column":12},"end":{"line":184,"column":12}},{"start":{"line":184,"column":12},"end":{"line":184,"column":12}}]},"26":{"line":187,"type":"if","locations":[{"start":{"line":187,"column":19},"end":{"line":187,"column":19}},{"start":{"line":187,"column":19},"end":{"line":187,"column":19}}]},"27":{"line":187,"type":"binary-expr","locations":[{"start":{"line":187,"column":23},"end":{"line":187,"column":34}},{"start":{"line":187,"column":38},"end":{"line":187,"column":61}}]},"28":{"line":190,"type":"if","locations":[{"start":{"line":190,"column":19},"end":{"line":190,"column":19}},{"start":{"line":190,"column":19},"end":{"line":190,"column":19}}]}}},"/Users/a6001340/Documents/git/bby/bestbuy-sdk-js/spec/products.spec.js":{"path":"/Users/a6001340/Documents/git/bby/bestbuy-sdk-js/spec/products.spec.js","s":{"1":1,"2":1,"3":1,"4":1,"5":1,"6":1,"7":1,"8":1,"9":1,"10":1,"11":1,"12":1,"13":1,"14":1,"15":1,"16":1,"17":1,"18":1,"19":1,"20":1,"21":1,"22":1,"23":1,"24":1,"25":1,"26":1,"27":1,"28":1,"29":1,"30":1,"31":1,"32":1,"33":1,"34":1,"35":1,"36":1,"37":1,"38":1},"b":{},"f":{"1":1,"2":1,"3":1,"4":1,"5":1,"6":1,"7":1,"8":1,"9":1,"10":1,"11":1,"12":1},"fnMap":{"1":{"name":"(anonymous_1)","line":4,"loc":{"start":{"line":4,"column":48},"end":{"line":4,"column":58}}},"2":{"name":"(anonymous_2)","line":5,"loc":{"start":{"line":5,"column":28},"end":{"line":5,"column":38}}},"3":{"name":"(anonymous_3)","line":6,"loc":{"start":{"line":6,"column":89},"end":{"line":6,"column":103}}},"4":{"name":"(anonymous_4)","line":11,"loc":{"start":{"line":11,"column":6},"end":{"line":11,"column":26}}},"5":{"name":"(anonymous_5)","line":21,"loc":{"start":{"line":21,"column":47},"end":{"line":21,"column":61}}},"6":{"name":"(anonymous_6)","line":28,"loc":{"start":{"line":28,"column":15},"end":{"line":28,"column":35}}},"7":{"name":"(anonymous_7)","line":40,"loc":{"start":{"line":40,"column":64},"end":{"line":40,"column":78}}},"8":{"name":"(anonymous_8)","line":45,"loc":{"start":{"line":45,"column":15},"end":{"line":45,"column":35}}},"9":{"name":"(anonymous_9)","line":52,"loc":{"start":{"line":52,"column":40},"end":{"line":52,"column":54}}},"10":{"name":"(anonymous_10)","line":55,"loc":{"start":{"line":55,"column":45},"end":{"line":55,"column":65}}},"11":{"name":"(anonymous_11)","line":61,"loc":{"start":{"line":61,"column":58},"end":{"line":61,"column":72}}},"12":{"name":"(anonymous_12)","line":65,"loc":{"start":{"line":65,"column":15},"end":{"line":65,"column":34}}}},"statementMap":{"1":{"start":{"line":1,"column":0},"end":{"line":1,"column":32}},"2":{"start":{"line":4,"column":0},"end":{"line":75,"column":3}},"3":{"start":{"line":5,"column":1},"end":{"line":74,"column":4}},"4":{"start":{"line":6,"column":2},"end":{"line":19,"column":5}},"5":{"start":{"line":9,"column":3},"end":{"line":18,"column":6}},"6":{"start":{"line":12,"column":6},"end":{"line":12,"column":48}},"7":{"start":{"line":13,"column":6},"end":{"line":13,"column":67}},"8":{"start":{"line":14,"column":6},"end":{"line":14,"column":69}},"9":{"start":{"line":15,"column":6},"end":{"line":15,"column":56}},"10":{"start":{"line":16,"column":6},"end":{"line":16,"column":55}},"11":{"start":{"line":17,"column":6},"end":{"line":17,"column":13}},"12":{"start":{"line":21,"column":8},"end":{"line":38,"column":11}},"13":{"start":{"line":24,"column":12},"end":{"line":37,"column":15}},"14":{"start":{"line":29,"column":12},"end":{"line":29,"column":54}},"15":{"start":{"line":30,"column":12},"end":{"line":30,"column":73}},"16":{"start":{"line":31,"column":12},"end":{"line":31,"column":75}},"17":{"start":{"line":32,"column":12},"end":{"line":32,"column":62}},"18":{"start":{"line":33,"column":12},"end":{"line":33,"column":61}},"19":{"start":{"line":34,"column":12},"end":{"line":34,"column":38}},"20":{"start":{"line":35,"column":12},"end":{"line":35,"column":45}},"21":{"start":{"line":36,"column":12},"end":{"line":36,"column":19}},"22":{"start":{"line":40,"column":8},"end":{"line":50,"column":11}},"23":{"start":{"line":43,"column":12},"end":{"line":49,"column":15}},"24":{"start":{"line":46,"column":12},"end":{"line":46,"column":41}},"25":{"start":{"line":47,"column":12},"end":{"line":47,"column":39}},"26":{"start":{"line":48,"column":12},"end":{"line":48,"column":19}},"27":{"start":{"line":52,"column":8},"end":{"line":59,"column":11}},"28":{"start":{"line":55,"column":12},"end":{"line":58,"column":15}},"29":{"start":{"line":56,"column":12},"end":{"line":56,"column":39}},"30":{"start":{"line":57,"column":12},"end":{"line":57,"column":19}},"31":{"start":{"line":61,"column":8},"end":{"line":73,"column":11}},"32":{"start":{"line":62,"column":12},"end":{"line":72,"column":15}},"33":{"start":{"line":66,"column":16},"end":{"line":66,"column":77}},"34":{"start":{"line":67,"column":16},"end":{"line":67,"column":79}},"35":{"start":{"line":68,"column":16},"end":{"line":68,"column":66}},"36":{"start":{"line":69,"column":16},"end":{"line":69,"column":65}},"37":{"start":{"line":70,"column":16},"end":{"line":70,"column":71}},"38":{"start":{"line":71,"column":16},"end":{"line":71,"column":23}}},"branchMap":{}},"/Users/a6001340/Documents/git/bby/bestbuy-sdk-js/spec/recommendations.spec.js":{"path":"/Users/a6001340/Documents/git/bby/bestbuy-sdk-js/spec/recommendations.spec.js","s":{},"b":{},"f":{},"fnMap":{},"statementMap":{},"branchMap":{}},"/Users/a6001340/Documents/git/bby/bestbuy-sdk-js/spec/resource.spec.js":{"path":"/Users/a6001340/Documents/git/bby/bestbuy-sdk-js/spec/resource.spec.js","s":{},"b":{},"f":{},"fnMap":{},"statementMap":{},"branchMap":{}},"/Users/a6001340/Documents/git/bby/bestbuy-sdk-js/spec/reviews.spec.js":{"path":"/Users/a6001340/Documents/git/bby/bestbuy-sdk-js/spec/reviews.spec.js","s":{},"b":{},"f":{},"fnMap":{},"statementMap":{},"branchMap":{}},"/Users/a6001340/Documents/git/bby/bestbuy-sdk-js/spec/smartlists.spec.js":{"path":"/Users/a6001340/Documents/git/bby/bestbuy-sdk-js/spec/smartlists.spec.js","s":{},"b":{},"f":{},"fnMap":{},"statementMap":{},"branchMap":{}},"/Users/a6001340/Documents/git/bby/bestbuy-sdk-js/spec/stores.spec.js":{"path":"/Users/a6001340/Documents/git/bby/bestbuy-sdk-js/spec/stores.spec.js","s":{"1":1,"2":1,"3":1,"4":1,"5":1,"6":1,"7":1,"8":1,"9":1,"10":1,"11":1,"12":1,"13":1,"14":1,"15":1,"16":1},"b":{},"f":{"1":1,"2":1,"3":1,"4":1,"5":1,"6":1,"7":1,"8":1,"9":1},"fnMap":{"1":{"name":"(anonymous_1)","line":4,"loc":{"start":{"line":4,"column":46},"end":{"line":4,"column":56}}},"2":{"name":"(anonymous_2)","line":5,"loc":{"start":{"line":5,"column":18},"end":{"line":5,"column":29}}},"3":{"name":"(anonymous_3)","line":6,"loc":{"start":{"line":6,"column":20},"end":{"line":6,"column":31}}},"4":{"name":"(anonymous_4)","line":11,"loc":{"start":{"line":11,"column":46},"end":{"line":11,"column":57}}},"5":{"name":"(anonymous_5)","line":12,"loc":{"start":{"line":12,"column":28},"end":{"line":12,"column":43}}},"6":{"name":"(anonymous_6)","line":14,"loc":{"start":{"line":14,"column":49},"end":{"line":14,"column":69}}},"7":{"name":"(anonymous_7)","line":21,"loc":{"start":{"line":21,"column":31},"end":{"line":21,"column":42}}},"8":{"name":"(anonymous_8)","line":22,"loc":{"start":{"line":22,"column":29},"end":{"line":22,"column":44}}},"9":{"name":"(anonymous_9)","line":24,"loc":{"start":{"line":24,"column":21},"end":{"line":24,"column":41}}}},"statementMap":{"1":{"start":{"line":1,"column":0},"end":{"line":1,"column":32}},"2":{"start":{"line":4,"column":0},"end":{"line":31,"column":3}},"3":{"start":{"line":5,"column":1},"end":{"line":9,"column":4}},"4":{"start":{"line":6,"column":2},"end":{"line":8,"column":5}},"5":{"start":{"line":7,"column":3},"end":{"line":7,"column":35}},"6":{"start":{"line":11,"column":1},"end":{"line":19,"column":4}},"7":{"start":{"line":12,"column":2},"end":{"line":18,"column":5}},"8":{"start":{"line":14,"column":3},"end":{"line":17,"column":6}},"9":{"start":{"line":15,"column":7},"end":{"line":15,"column":47}},"10":{"start":{"line":16,"column":7},"end":{"line":16,"column":14}},"11":{"start":{"line":21,"column":1},"end":{"line":30,"column":4}},"12":{"start":{"line":22,"column":2},"end":{"line":29,"column":5}},"13":{"start":{"line":24,"column":4},"end":{"line":28,"column":9}},"14":{"start":{"line":25,"column":7},"end":{"line":25,"column":55}},"15":{"start":{"line":26,"column":7},"end":{"line":26,"column":56}},"16":{"start":{"line":27,"column":7},"end":{"line":27,"column":14}}},"branchMap":{}}}