TN:
SF:/Users/a6001340/Documents/git/bby/bestbuy-sdk-js/spec/buyingoptions.spec.js
FNF:0
FNH:0
LF:0
LH:0
BRF:0
BRH:0
end_of_record
TN:
SF:/Users/a6001340/Documents/git/bby/bestbuy-sdk-js/spec/categories.spec.js
FN:4,(anonymous_1)
FN:5,(anonymous_2)
FN:6,(anonymous_3)
FN:11,(anonymous_4)
FNF:4
FNH:4
FNDA:1,(anonymous_1)
FNDA:1,(anonymous_2)
FNDA:1,(anonymous_3)
FNDA:1,(anonymous_4)
DA:1,1
DA:4,1
DA:5,1
DA:6,1
DA:9,1
DA:12,1
DA:13,1
DA:14,1
DA:15,1
DA:16,1
DA:17,1
LF:11
LH:11
BRF:0
BRH:0
end_of_record
TN:
SF:/Users/a6001340/Documents/git/bby/bestbuy-sdk-js/bestbuy.js
FNF:0
FNH:0
DA:1,1
LF:1
LH:1
BRF:0
BRH:0
end_of_record
TN:
SF:/Users/a6001340/Documents/git/bby/bestbuy-sdk-js/lib/index.js
FN:10,(anonymous_1)
FNF:1
FNH:0
FNDA:0,(anonymous_1)
DA:1,1
DA:4,1
DA:10,1
DA:11,0
DA:12,0
DA:13,0
DA:17,1
DA:18,1
DA:19,1
DA:20,1
DA:21,1
DA:22,1
DA:25,1
DA:31,1
LF:14
LH:11
BRDA:12,1,0,0
BRDA:12,1,1,0
BRF:2
BRH:0
end_of_record
TN:
SF:/Users/a6001340/Documents/git/bby/bestbuy-sdk-js/lib/resource.js
FN:5,doRequest
FN:43,(anonymous_2)
FN:83,buildRecommendations
FN:86,(anonymous_4)
FN:125,buildAvailability
FN:126,(anonymous_6)
FN:167,(anonymous_7)
FN:176,(anonymous_8)
FNF:8
FNH:6
FNDA:8,doRequest
FNDA:8,(anonymous_2)
FNDA:1,buildRecommendations
FNDA:0,(anonymous_4)
FNDA:1,buildAvailability
FNDA:0,(anonymous_6)
FNDA:7,(anonymous_7)
FNDA:8,(anonymous_8)
DA:1,1
DA:2,1
DA:5,1
DA:7,8
DA:8,0
DA:14,8
DA:20,8
DA:21,8
DA:22,6
DA:24,8
DA:25,1
DA:27,1
DA:32,8
DA:34,8
DA:39,8
DA:45,8
DA:47,8
DA:49,8
DA:50,0
DA:53,8
DA:54,2
DA:55,2
DA:56,2
DA:61,2
DA:66,6
DA:67,6
DA:68,6
DA:71,6
DA:72,6
DA:76,0
DA:83,1
DA:84,1
DA:85,1
DA:86,1
DA:87,0
DA:91,0
DA:93,0
DA:94,0
DA:95,0
DA:96,0
DA:97,0
DA:98,0
DA:99,0
DA:100,0
DA:102,0
DA:104,0
DA:105,0
DA:106,0
DA:108,0
DA:110,0
DA:113,0
DA:117,0
DA:120,1
DA:125,1
DA:126,1
DA:127,0
DA:128,0
DA:129,0
DA:134,0
DA:136,0
DA:137,0
DA:138,0
DA:140,0
DA:141,0
DA:143,0
DA:144,0
DA:146,0
DA:149,0
DA:153,0
DA:154,0
DA:157,0
DA:159,0
DA:162,1
DA:167,1
DA:170,7
DA:171,1
DA:172,6
DA:173,1
DA:176,5
DA:177,8
DA:182,8
DA:183,21
DA:184,21
DA:186,7
DA:187,14
DA:189,1
DA:190,13
DA:192,8
DA:195,5
DA:200,8
DA:203,5
LF:91
LH:53
BRDA:7,1,0,0
BRDA:7,1,1,8
BRDA:21,2,0,6
BRDA:21,2,1,2
BRDA:24,3,0,1
BRDA:24,3,1,7
BRDA:45,4,0,0
BRDA:45,4,1,8
BRDA:49,5,0,0
BRDA:49,5,1,8
BRDA:50,6,0,0
BRDA:50,6,1,0
BRDA:53,7,0,2
BRDA:53,7,1,6
BRDA:53,8,0,8
BRDA:53,8,1,8
BRDA:67,9,0,6
BRDA:67,9,1,0
BRDA:71,10,0,6
BRDA:71,10,1,0
BRDA:95,11,0,0
BRDA:95,11,1,0
BRDA:97,12,0,0
BRDA:97,12,1,0
BRDA:99,13,0,0
BRDA:99,13,1,0
BRDA:102,14,0,0
BRDA:102,14,1,0
BRDA:102,15,0,0
BRDA:102,15,1,0
BRDA:105,16,0,0
BRDA:105,16,1,0
BRDA:108,17,0,0
BRDA:108,17,1,0
BRDA:138,18,0,0
BRDA:138,18,1,0
BRDA:138,19,0,0
BRDA:138,19,1,0
BRDA:141,20,0,0
BRDA:141,20,1,0
BRDA:144,21,0,0
BRDA:144,21,1,0
BRDA:153,22,0,0
BRDA:153,22,1,0
BRDA:170,23,0,1
BRDA:170,23,1,6
BRDA:172,24,0,1
BRDA:172,24,1,5
BRDA:184,25,0,7
BRDA:184,25,1,14
BRDA:187,26,0,1
BRDA:187,26,1,13
BRDA:187,27,0,14
BRDA:187,27,1,1
BRDA:190,28,0,8
BRDA:190,28,1,5
BRF:56
BRH:25
end_of_record
TN:
SF:/Users/a6001340/Documents/git/bby/bestbuy-sdk-js/spec/products.spec.js
FN:4,(anonymous_1)
FN:5,(anonymous_2)
FN:6,(anonymous_3)
FN:11,(anonymous_4)
FN:21,(anonymous_5)
FN:28,(anonymous_6)
FN:40,(anonymous_7)
FN:45,(anonymous_8)
FN:52,(anonymous_9)
FN:55,(anonymous_10)
FN:61,(anonymous_11)
FN:65,(anonymous_12)
FNF:12
FNH:12
FNDA:1,(anonymous_1)
FNDA:1,(anonymous_2)
FNDA:1,(anonymous_3)
FNDA:1,(anonymous_4)
FNDA:1,(anonymous_5)
FNDA:1,(anonymous_6)
FNDA:1,(anonymous_7)
FNDA:1,(anonymous_8)
FNDA:1,(anonymous_9)
FNDA:1,(anonymous_10)
FNDA:1,(anonymous_11)
FNDA:1,(anonymous_12)
DA:1,1
DA:4,1
DA:5,1
DA:6,1
DA:9,1
DA:12,1
DA:13,1
DA:14,1
DA:15,1
DA:16,1
DA:17,1
DA:21,1
DA:24,1
DA:29,1
DA:30,1
DA:31,1
DA:32,1
DA:33,1
DA:34,1
DA:35,1
DA:36,1
DA:40,1
DA:43,1
DA:46,1
DA:47,1
DA:48,1
DA:52,1
DA:55,1
DA:56,1
DA:57,1
DA:61,1
DA:62,1
DA:66,1
DA:67,1
DA:68,1
DA:69,1
DA:70,1
DA:71,1
LF:38
LH:38
BRF:0
BRH:0
end_of_record
TN:
SF:/Users/a6001340/Documents/git/bby/bestbuy-sdk-js/spec/recommendations.spec.js
FNF:0
FNH:0
LF:0
LH:0
BRF:0
BRH:0
end_of_record
TN:
SF:/Users/a6001340/Documents/git/bby/bestbuy-sdk-js/spec/resource.spec.js
FNF:0
FNH:0
LF:0
LH:0
BRF:0
BRH:0
end_of_record
TN:
SF:/Users/a6001340/Documents/git/bby/bestbuy-sdk-js/spec/reviews.spec.js
FNF:0
FNH:0
LF:0
LH:0
BRF:0
BRH:0
end_of_record
TN:
SF:/Users/a6001340/Documents/git/bby/bestbuy-sdk-js/spec/smartlists.spec.js
FNF:0
FNH:0
LF:0
LH:0
BRF:0
BRH:0
end_of_record
TN:
SF:/Users/a6001340/Documents/git/bby/bestbuy-sdk-js/spec/stores.spec.js
FN:4,(anonymous_1)
FN:5,(anonymous_2)
FN:6,(anonymous_3)
FN:11,(anonymous_4)
FN:12,(anonymous_5)
FN:14,(anonymous_6)
FN:21,(anonymous_7)
FN:22,(anonymous_8)
FN:24,(anonymous_9)
FNF:9
FNH:9
FNDA:1,(anonymous_1)
FNDA:1,(anonymous_2)
FNDA:1,(anonymous_3)
FNDA:1,(anonymous_4)
FNDA:1,(anonymous_5)
FNDA:1,(anonymous_6)
FNDA:1,(anonymous_7)
FNDA:1,(anonymous_8)
FNDA:1,(anonymous_9)
DA:1,1
DA:4,1
DA:5,1
DA:6,1
DA:7,1
DA:11,1
DA:12,1
DA:14,1
DA:15,1
DA:16,1
DA:21,1
DA:22,1
DA:24,1
DA:25,1
DA:26,1
DA:27,1
LF:16
LH:16
BRF:0
BRH:0
end_of_record
